<?xml version="1.0" encoding="utf-8"?>
<TestResults>
	<TestCase>
       <Token>78a635c4491dd8c825e184a5811f1d07fc13212500532da9e69e1fd4337b96ad</Token>
        <RepositoryCode>FNU</RepositoryCode>
        <TestRunId>24</TestRunId>
		<TestCaseId>49</TestCaseId>
		 <Status>passed</Status>
	</TestCase>
    <TestCase>
       <Token>78a635c4491dd8c825e184a5811f1d07fc13212500532da9e69e1fd4337b96ad</Token>
        <RepositoryCode>FNU</RepositoryCode>
        <TestRunId>24</TestRunId>
		<TestCaseId>50</TestCaseId>
		 <Status>passed</Status>
	</TestCase>
    <TestCase>
       <Token>78a635c4491dd8c825e184a5811f1d07fc13212500532da9e69e1fd4337b96ad</Token>
        <RepositoryCode>FNU</RepositoryCode>
        <TestRunId>24</TestRunId>
		<TestCaseId>51</TestCaseId>
		 <Status>passed</Status>
	</TestCase>
    <TestCase>
       <Token>78a635c4491dd8c825e184a5811f1d07fc13212500532da9e69e1fd4337b96ad</Token>
        <RepositoryCode>FNU</RepositoryCode>
        <TestRunId>24</TestRunId>
		<TestCaseId>52</TestCaseId>
		 <Status>passed</Status>
	</TestCase>
</TestResults>