<?xml version="1.0" encoding="utf-8"?>
<test-case id="1-1049"
           name="Test_Invalid_Credentials(&quot;FNU&quot;,&quot;113&quot;)"
           fullname="DIM_Automation.Scenarios.Test.Login_and_Projects.Login_With_Invalid_Credentials.Test_Invalid_Credentials(&quot;FNU&quot;,&quot;113&quot;)"
           methodname="Test_Invalid_Credentials"
           classname="DIM_Automation.Scenarios.Test.Login_and_Projects.Login_With_Invalid_Credentials"
           runstate="Runnable"
           seed="257691256"
           result="Passed"
           start-time="2023-07-31T14:09:20.9270016Z"
           end-time="2023-07-31T14:09:23.4049864Z"
           duration="2.477958"
           asserts="1">
  <output>
    <![CDATA[
      RepositoryCode=FNU
      TestCaseId=113
    ]]>
  </output>
</test-case>
